  Camera.cpp
C:\Users\karll\OneDrive\Documents\SchoolWork\CSC630\source\repos\Project3\src\Camera.cpp(86,13): warning C4244: '=': conversion from 'double' to 'float', possible loss of data
C:\Users\karll\OneDrive\Documents\SchoolWork\CSC630\source\repos\Project3\src\Camera.cpp(87,13): warning C4244: '=': conversion from 'double' to 'float', possible loss of data
C:\Users\karll\OneDrive\Documents\SchoolWork\CSC630\source\repos\Project3\src\Camera.cpp(91,17): warning C4244: 'initializing': conversion from 'double' to 'float', possible loss of data
C:\Users\karll\OneDrive\Documents\SchoolWork\CSC630\source\repos\Project3\src\Camera.cpp(92,17): warning C4244: 'initializing': conversion from 'double' to 'float', possible loss of data
C:\Users\karll\OneDrive\Documents\SchoolWork\CSC630\source\repos\Project3\src\Camera.cpp(93,11): warning C4244: '=': conversion from 'double' to 'float', possible loss of data
C:\Users\karll\OneDrive\Documents\SchoolWork\CSC630\source\repos\Project3\src\Camera.cpp(94,11): warning C4244: '=': conversion from 'double' to 'float', possible loss of data
C:\Users\karll\OneDrive\Documents\SchoolWork\CSC630\source\repos\Project3\src\Camera.cpp(125,19): warning C4244: '=': conversion from 'int' to 'float', possible loss of data
  GLSL.cpp
  main.cpp
C:\Users\karll\OneDrive\Documents\SchoolWork\CSC630\source\repos\Project3\src\main.cpp(57,17): warning C4305: 'initializing': truncation from 'double' to 'float'
C:\Users\karll\OneDrive\Documents\SchoolWork\CSC630\source\repos\Project3\src\main.cpp(59,16): warning C4305: 'initializing': truncation from 'double' to 'float'
C:\Users\karll\OneDrive\Documents\SchoolWork\CSC630\source\repos\Project3\src\main.cpp(60,16): warning C4305: 'initializing': truncation from 'double' to 'float'
C:\Users\karll\OneDrive\Documents\SchoolWork\CSC630\source\repos\Project3\src\main.cpp(61,17): warning C4305: 'initializing': truncation from 'double' to 'float'
C:\Users\karll\OneDrive\Documents\SchoolWork\CSC630\source\repos\Project3\src\main.cpp(214,22): warning C4018: '<': signed/unsigned mismatch
C:\Users\karll\OneDrive\Documents\SchoolWork\CSC630\source\repos\Project3\src\main.cpp(237,59): warning C4305: 'argument': truncation from 'double' to 'GLfloat'
C:\Users\karll\OneDrive\Documents\SchoolWork\CSC630\source\repos\Project3\src\main.cpp(237,53): warning C4305: 'argument': truncation from 'double' to 'GLfloat'
C:\Users\karll\OneDrive\Documents\SchoolWork\CSC630\source\repos\Project3\src\main.cpp(237,47): warning C4305: 'argument': truncation from 'double' to 'GLfloat'
C:\Users\karll\OneDrive\Documents\SchoolWork\CSC630\source\repos\Project3\src\main.cpp(243,63): warning C4305: 'argument': truncation from 'double' to 'GLfloat'
C:\Users\karll\OneDrive\Documents\SchoolWork\CSC630\source\repos\Project3\src\main.cpp(243,55): warning C4305: 'argument': truncation from 'double' to 'GLfloat'
C:\Users\karll\OneDrive\Documents\SchoolWork\CSC630\source\repos\Project3\src\main.cpp(243,47): warning C4305: 'argument': truncation from 'double' to 'GLfloat'
C:\Users\karll\OneDrive\Documents\SchoolWork\CSC630\source\repos\Project3\src\main.cpp(261,22): warning C4018: '<': signed/unsigned mismatch
  MatrixStack.cpp
  Program.cpp
  Shape.cpp
  Texture.cpp
  tiny_obj_loader.cpp
  WindowManager.cpp
  Generating Code...
  glad.c
Camera.obj : error LNK2019: unresolved external symbol _glfwGetWindowSize referenced in function "public: void __thiscall Camera::lookAround(struct GLFWwindow *,double,double)" (?lookAround@Camera@@QAEXPAUGLFWwindow@@NN@Z)
Camera.obj : error LNK2019: unresolved external symbol _glfwSetCursorPos referenced in function "public: void __thiscall Camera::lookAround(struct GLFWwindow *,double,double)" (?lookAround@Camera@@QAEXPAUGLFWwindow@@NN@Z)
main.obj : error LNK2019: unresolved external symbol _glfwWindowShouldClose referenced in function _main
main.obj : error LNK2019: unresolved external symbol _glfwSetWindowShouldClose referenced in function "public: virtual void __thiscall Application::keyCallback(struct GLFWwindow *,int,int,int,int)" (?keyCallback@Application@@UAEXPAUGLFWwindow@@HHHH@Z)
main.obj : error LNK2019: unresolved external symbol _glfwGetFramebufferSize referenced in function "public: void __thiscall Application::render(void)" (?render@Application@@QAEXXZ)
main.obj : error LNK2019: unresolved external symbol _glfwPollEvents referenced in function _main
main.obj : error LNK2019: unresolved external symbol _glfwGetCursorPos referenced in function "public: virtual void __thiscall Application::mouseCallback(struct GLFWwindow *,int,int,int)" (?mouseCallback@Application@@UAEXPAUGLFWwindow@@HHH@Z)
main.obj : error LNK2019: unresolved external symbol _glfwGetTime referenced in function "public: void __thiscall Application::updateDT(void)" (?updateDT@Application@@QAEXXZ)
main.obj : error LNK2019: unresolved external symbol _glfwSwapBuffers referenced in function _main
WindowManager.obj : error LNK2019: unresolved external symbol _glfwInit referenced in function "public: bool __thiscall WindowManager::init(int,int)" (?init@WindowManager@@QAE_NHH@Z)
WindowManager.obj : error LNK2019: unresolved external symbol _glfwTerminate referenced in function "public: bool __thiscall WindowManager::init(int,int)" (?init@WindowManager@@QAE_NHH@Z)
WindowManager.obj : error LNK2019: unresolved external symbol _glfwSetErrorCallback referenced in function "public: bool __thiscall WindowManager::init(int,int)" (?init@WindowManager@@QAE_NHH@Z)
WindowManager.obj : error LNK2019: unresolved external symbol _glfwWindowHint referenced in function "public: bool __thiscall WindowManager::init(int,int)" (?init@WindowManager@@QAE_NHH@Z)
WindowManager.obj : error LNK2019: unresolved external symbol _glfwCreateWindow referenced in function "public: bool __thiscall WindowManager::init(int,int)" (?init@WindowManager@@QAE_NHH@Z)
WindowManager.obj : error LNK2019: unresolved external symbol _glfwDestroyWindow referenced in function "public: void __thiscall WindowManager::shutdown(void)" (?shutdown@WindowManager@@QAEXXZ)
WindowManager.obj : error LNK2019: unresolved external symbol _glfwSetFramebufferSizeCallback referenced in function "public: bool __thiscall WindowManager::init(int,int)" (?init@WindowManager@@QAE_NHH@Z)
WindowManager.obj : error LNK2019: unresolved external symbol _glfwSetKeyCallback referenced in function "public: bool __thiscall WindowManager::init(int,int)" (?init@WindowManager@@QAE_NHH@Z)
WindowManager.obj : error LNK2019: unresolved external symbol _glfwSetMouseButtonCallback referenced in function "public: bool __thiscall WindowManager::init(int,int)" (?init@WindowManager@@QAE_NHH@Z)
WindowManager.obj : error LNK2019: unresolved external symbol _glfwMakeContextCurrent referenced in function "public: bool __thiscall WindowManager::init(int,int)" (?init@WindowManager@@QAE_NHH@Z)
WindowManager.obj : error LNK2019: unresolved external symbol _glfwSwapInterval referenced in function "public: bool __thiscall WindowManager::init(int,int)" (?init@WindowManager@@QAE_NHH@Z)
C:\Users\karll\OneDrive\Documents\SchoolWork\CSC630\source\repos\Project3\Libraries\lib\glfw3.lib : warning LNK4272: library machine type 'x64' conflicts with target machine type 'x86'
C:\Users\karll\OneDrive\Documents\SchoolWork\CSC630\source\repos\Project3\Debug\Project3.exe : fatal error LNK1120: 20 unresolved externals
