  glad.c
  GLSL.cpp
  main.cpp
C:\Users\OrangeCatBears\Documents\CompSci HW\Graphics HW\Final Project\CSC-630-Final-Project-Fluids\PJ2base\src\main.cpp(53,14): warning C4305: 'initializing': truncation from 'double' to 'float'
C:\Users\OrangeCatBears\Documents\CompSci HW\Graphics HW\Final Project\CSC-630-Final-Project-Fluids\PJ2base\src\main.cpp(54,16): warning C4305: 'initializing': truncation from 'double' to 'float'
C:\Users\OrangeCatBears\Documents\CompSci HW\Graphics HW\Final Project\CSC-630-Final-Project-Fluids\PJ2base\src\main.cpp(55,16): warning C4305: 'initializing': truncation from 'double' to 'float'
C:\Users\OrangeCatBears\Documents\CompSci HW\Graphics HW\Final Project\CSC-630-Final-Project-Fluids\PJ2base\src\main.cpp(77,1): warning C4305: '+=': truncation from 'double' to 'float'
C:\Users\OrangeCatBears\Documents\CompSci HW\Graphics HW\Final Project\CSC-630-Final-Project-Fluids\PJ2base\src\main.cpp(80,1): warning C4305: '-=': truncation from 'double' to 'float'
C:\Users\OrangeCatBears\Documents\CompSci HW\Graphics HW\Final Project\CSC-630-Final-Project-Fluids\PJ2base\src\main.cpp(172,60): warning C4305: 'argument': truncation from 'double' to 'GLfloat'
C:\Users\OrangeCatBears\Documents\CompSci HW\Graphics HW\Final Project\CSC-630-Final-Project-Fluids\PJ2base\src\main.cpp(172,54): warning C4305: 'argument': truncation from 'double' to 'GLfloat'
C:\Users\OrangeCatBears\Documents\CompSci HW\Graphics HW\Final Project\CSC-630-Final-Project-Fluids\PJ2base\src\main.cpp(172,48): warning C4305: 'argument': truncation from 'double' to 'GLfloat'
C:\Users\OrangeCatBears\Documents\CompSci HW\Graphics HW\Final Project\CSC-630-Final-Project-Fluids\PJ2base\src\main.cpp(173,59): warning C4305: 'argument': truncation from 'double' to 'GLfloat'
C:\Users\OrangeCatBears\Documents\CompSci HW\Graphics HW\Final Project\CSC-630-Final-Project-Fluids\PJ2base\src\main.cpp(173,53): warning C4305: 'argument': truncation from 'double' to 'GLfloat'
C:\Users\OrangeCatBears\Documents\CompSci HW\Graphics HW\Final Project\CSC-630-Final-Project-Fluids\PJ2base\src\main.cpp(174,60): warning C4305: 'argument': truncation from 'double' to 'GLfloat'
C:\Users\OrangeCatBears\Documents\CompSci HW\Graphics HW\Final Project\CSC-630-Final-Project-Fluids\PJ2base\src\main.cpp(174,55): warning C4305: 'argument': truncation from 'double' to 'GLfloat'
C:\Users\OrangeCatBears\Documents\CompSci HW\Graphics HW\Final Project\CSC-630-Final-Project-Fluids\PJ2base\src\main.cpp(174,49): warning C4305: 'argument': truncation from 'double' to 'GLfloat'
C:\Users\OrangeCatBears\Documents\CompSci HW\Graphics HW\Final Project\CSC-630-Final-Project-Fluids\PJ2base\src\main.cpp(178,55): warning C4305: 'argument': truncation from 'double' to 'GLfloat'
C:\Users\OrangeCatBears\Documents\CompSci HW\Graphics HW\Final Project\CSC-630-Final-Project-Fluids\PJ2base\src\main.cpp(178,48): warning C4305: 'argument': truncation from 'double' to 'GLfloat'
C:\Users\OrangeCatBears\Documents\CompSci HW\Graphics HW\Final Project\CSC-630-Final-Project-Fluids\PJ2base\src\main.cpp(179,61): warning C4305: 'argument': truncation from 'double' to 'GLfloat'
C:\Users\OrangeCatBears\Documents\CompSci HW\Graphics HW\Final Project\CSC-630-Final-Project-Fluids\PJ2base\src\main.cpp(179,55): warning C4305: 'argument': truncation from 'double' to 'GLfloat'
C:\Users\OrangeCatBears\Documents\CompSci HW\Graphics HW\Final Project\CSC-630-Final-Project-Fluids\PJ2base\src\main.cpp(179,48): warning C4305: 'argument': truncation from 'double' to 'GLfloat'
C:\Users\OrangeCatBears\Documents\CompSci HW\Graphics HW\Final Project\CSC-630-Final-Project-Fluids\PJ2base\src\main.cpp(180,59): warning C4305: 'argument': truncation from 'double' to 'GLfloat'
C:\Users\OrangeCatBears\Documents\CompSci HW\Graphics HW\Final Project\CSC-630-Final-Project-Fluids\PJ2base\src\main.cpp(180,52): warning C4305: 'argument': truncation from 'double' to 'GLfloat'
C:\Users\OrangeCatBears\Documents\CompSci HW\Graphics HW\Final Project\CSC-630-Final-Project-Fluids\PJ2base\src\main.cpp(184,62): warning C4305: 'argument': truncation from 'double' to 'GLfloat'
C:\Users\OrangeCatBears\Documents\CompSci HW\Graphics HW\Final Project\CSC-630-Final-Project-Fluids\PJ2base\src\main.cpp(184,55): warning C4305: 'argument': truncation from 'double' to 'GLfloat'
C:\Users\OrangeCatBears\Documents\CompSci HW\Graphics HW\Final Project\CSC-630-Final-Project-Fluids\PJ2base\src\main.cpp(184,48): warning C4305: 'argument': truncation from 'double' to 'GLfloat'
C:\Users\OrangeCatBears\Documents\CompSci HW\Graphics HW\Final Project\CSC-630-Final-Project-Fluids\PJ2base\src\main.cpp(185,62): warning C4305: 'argument': truncation from 'double' to 'GLfloat'
C:\Users\OrangeCatBears\Documents\CompSci HW\Graphics HW\Final Project\CSC-630-Final-Project-Fluids\PJ2base\src\main.cpp(185,55): warning C4305: 'argument': truncation from 'double' to 'GLfloat'
C:\Users\OrangeCatBears\Documents\CompSci HW\Graphics HW\Final Project\CSC-630-Final-Project-Fluids\PJ2base\src\main.cpp(185,48): warning C4305: 'argument': truncation from 'double' to 'GLfloat'
C:\Users\OrangeCatBears\Documents\CompSci HW\Graphics HW\Final Project\CSC-630-Final-Project-Fluids\PJ2base\src\main.cpp(190,58): warning C4305: 'argument': truncation from 'double' to 'GLfloat'
C:\Users\OrangeCatBears\Documents\CompSci HW\Graphics HW\Final Project\CSC-630-Final-Project-Fluids\PJ2base\src\main.cpp(190,51): warning C4305: 'argument': truncation from 'double' to 'GLfloat'
C:\Users\OrangeCatBears\Documents\CompSci HW\Graphics HW\Final Project\CSC-630-Final-Project-Fluids\PJ2base\src\main.cpp(190,45): warning C4305: 'argument': truncation from 'double' to 'GLfloat'
C:\Users\OrangeCatBears\Documents\CompSci HW\Graphics HW\Final Project\CSC-630-Final-Project-Fluids\PJ2base\src\main.cpp(191,58): warning C4305: 'argument': truncation from 'double' to 'GLfloat'
C:\Users\OrangeCatBears\Documents\CompSci HW\Graphics HW\Final Project\CSC-630-Final-Project-Fluids\PJ2base\src\main.cpp(191,51): warning C4305: 'argument': truncation from 'double' to 'GLfloat'
C:\Users\OrangeCatBears\Documents\CompSci HW\Graphics HW\Final Project\CSC-630-Final-Project-Fluids\PJ2base\src\main.cpp(191,45): warning C4305: 'argument': truncation from 'double' to 'GLfloat'
C:\Users\OrangeCatBears\Documents\CompSci HW\Graphics HW\Final Project\CSC-630-Final-Project-Fluids\PJ2base\src\main.cpp(192,59): warning C4305: 'argument': truncation from 'double' to 'GLfloat'
C:\Users\OrangeCatBears\Documents\CompSci HW\Graphics HW\Final Project\CSC-630-Final-Project-Fluids\PJ2base\src\main.cpp(192,53): warning C4305: 'argument': truncation from 'double' to 'GLfloat'
C:\Users\OrangeCatBears\Documents\CompSci HW\Graphics HW\Final Project\CSC-630-Final-Project-Fluids\PJ2base\src\main.cpp(192,46): warning C4305: 'argument': truncation from 'double' to 'GLfloat'
C:\Users\OrangeCatBears\Documents\CompSci HW\Graphics HW\Final Project\CSC-630-Final-Project-Fluids\PJ2base\src\main.cpp(197,55): warning C4305: 'argument': truncation from 'double' to 'GLfloat'
C:\Users\OrangeCatBears\Documents\CompSci HW\Graphics HW\Final Project\CSC-630-Final-Project-Fluids\PJ2base\src\main.cpp(197,49): warning C4305: 'argument': truncation from 'double' to 'GLfloat'
C:\Users\OrangeCatBears\Documents\CompSci HW\Graphics HW\Final Project\CSC-630-Final-Project-Fluids\PJ2base\src\main.cpp(197,44): warning C4305: 'argument': truncation from 'double' to 'GLfloat'
C:\Users\OrangeCatBears\Documents\CompSci HW\Graphics HW\Final Project\CSC-630-Final-Project-Fluids\PJ2base\src\main.cpp(198,51): warning C4305: 'argument': truncation from 'double' to 'GLfloat'
C:\Users\OrangeCatBears\Documents\CompSci HW\Graphics HW\Final Project\CSC-630-Final-Project-Fluids\PJ2base\src\main.cpp(198,45): warning C4305: 'argument': truncation from 'double' to 'GLfloat'
C:\Users\OrangeCatBears\Documents\CompSci HW\Graphics HW\Final Project\CSC-630-Final-Project-Fluids\PJ2base\src\main.cpp(199,60): warning C4305: 'argument': truncation from 'double' to 'GLfloat'
C:\Users\OrangeCatBears\Documents\CompSci HW\Graphics HW\Final Project\CSC-630-Final-Project-Fluids\PJ2base\src\main.cpp(199,53): warning C4305: 'argument': truncation from 'double' to 'GLfloat'
C:\Users\OrangeCatBears\Documents\CompSci HW\Graphics HW\Final Project\CSC-630-Final-Project-Fluids\PJ2base\src\main.cpp(199,46): warning C4305: 'argument': truncation from 'double' to 'GLfloat'
C:\Users\OrangeCatBears\Documents\CompSci HW\Graphics HW\Final Project\CSC-630-Final-Project-Fluids\PJ2base\src\main.cpp(252,1): warning C4305: '+=': truncation from 'double' to 'float'
C:\Users\OrangeCatBears\Documents\CompSci HW\Graphics HW\Final Project\CSC-630-Final-Project-Fluids\PJ2base\src\main.cpp(298,54): warning C4244: '=': conversion from 'double' to 'float', possible loss of data
  MatrixStack.cpp
  Program.cpp
  Shape.cpp
  tiny_obj_loader.cpp
  WindowManager.cpp
  Generating Code...
glfw3.lib(window.obj) : warning LNK4099: PDB '' was not found with 'glfw3.lib(window.obj)' or at ''; linking object as if no debug info
glfw3.lib(input.obj) : warning LNK4099: PDB '' was not found with 'glfw3.lib(input.obj)' or at ''; linking object as if no debug info
glfw3.lib(context.obj) : warning LNK4099: PDB '' was not found with 'glfw3.lib(context.obj)' or at ''; linking object as if no debug info
glfw3.lib(init.obj) : warning LNK4099: PDB '' was not found with 'glfw3.lib(init.obj)' or at ''; linking object as if no debug info
glfw3.lib(win32_window.obj) : warning LNK4099: PDB '' was not found with 'glfw3.lib(win32_window.obj)' or at ''; linking object as if no debug info
glfw3.lib(win32_thread.obj) : warning LNK4099: PDB '' was not found with 'glfw3.lib(win32_thread.obj)' or at ''; linking object as if no debug info
glfw3.lib(win32_joystick.obj) : warning LNK4099: PDB '' was not found with 'glfw3.lib(win32_joystick.obj)' or at ''; linking object as if no debug info
glfw3.lib(win32_time.obj) : warning LNK4099: PDB '' was not found with 'glfw3.lib(win32_time.obj)' or at ''; linking object as if no debug info
glfw3.lib(win32_init.obj) : warning LNK4099: PDB '' was not found with 'glfw3.lib(win32_init.obj)' or at ''; linking object as if no debug info
glfw3.lib(win32_monitor.obj) : warning LNK4099: PDB '' was not found with 'glfw3.lib(win32_monitor.obj)' or at ''; linking object as if no debug info
glfw3.lib(monitor.obj) : warning LNK4099: PDB '' was not found with 'glfw3.lib(monitor.obj)' or at ''; linking object as if no debug info
glfw3.lib(vulkan.obj) : warning LNK4099: PDB '' was not found with 'glfw3.lib(vulkan.obj)' or at ''; linking object as if no debug info
glfw3.lib(wgl_context.obj) : warning LNK4099: PDB '' was not found with 'glfw3.lib(wgl_context.obj)' or at ''; linking object as if no debug info
glfw3.lib(egl_context.obj) : warning LNK4099: PDB '' was not found with 'glfw3.lib(egl_context.obj)' or at ''; linking object as if no debug info
glfw3.lib(osmesa_context.obj) : warning LNK4099: PDB '' was not found with 'glfw3.lib(osmesa_context.obj)' or at ''; linking object as if no debug info
  Graphics project 2.vcxproj -> C:\Users\OrangeCatBears\Documents\CompSci HW\Graphics HW\Final Project\CSC-630-Final-Project-Fluids\PJ2base\x64\Debug\Graphics project 2.exe
