  main.cpp
C:\Users\OrangeCatBears\Documents\CompSci HW\Graphics HW\Final Project\CSC-630-Final-Project-Fluids\Project3\src\main.cpp(71,17): warning C4305: 'initializing': truncation from 'double' to 'float'
C:\Users\OrangeCatBears\Documents\CompSci HW\Graphics HW\Final Project\CSC-630-Final-Project-Fluids\Project3\src\main.cpp(73,16): warning C4305: 'initializing': truncation from 'double' to 'float'
C:\Users\OrangeCatBears\Documents\CompSci HW\Graphics HW\Final Project\CSC-630-Final-Project-Fluids\Project3\src\main.cpp(74,16): warning C4305: 'initializing': truncation from 'double' to 'float'
C:\Users\OrangeCatBears\Documents\CompSci HW\Graphics HW\Final Project\CSC-630-Final-Project-Fluids\Project3\src\main.cpp(75,17): warning C4305: 'initializing': truncation from 'double' to 'float'
C:\Users\OrangeCatBears\Documents\CompSci HW\Graphics HW\Final Project\CSC-630-Final-Project-Fluids\Project3\src\main.cpp(370,58): warning C4305: 'argument': truncation from 'double' to 'GLfloat'
C:\Users\OrangeCatBears\Documents\CompSci HW\Graphics HW\Final Project\CSC-630-Final-Project-Fluids\Project3\src\main.cpp(370,52): warning C4305: 'argument': truncation from 'double' to 'GLfloat'
C:\Users\OrangeCatBears\Documents\CompSci HW\Graphics HW\Final Project\CSC-630-Final-Project-Fluids\Project3\src\main.cpp(371,59): warning C4305: 'argument': truncation from 'double' to 'GLfloat'
C:\Users\OrangeCatBears\Documents\CompSci HW\Graphics HW\Final Project\CSC-630-Final-Project-Fluids\Project3\src\main.cpp(371,54): warning C4305: 'argument': truncation from 'double' to 'GLfloat'
C:\Users\OrangeCatBears\Documents\CompSci HW\Graphics HW\Final Project\CSC-630-Final-Project-Fluids\Project3\src\main.cpp(371,48): warning C4305: 'argument': truncation from 'double' to 'GLfloat'
C:\Users\OrangeCatBears\Documents\CompSci HW\Graphics HW\Final Project\CSC-630-Final-Project-Fluids\Project3\src\main.cpp(375,59): warning C4305: 'argument': truncation from 'double' to 'GLfloat'
C:\Users\OrangeCatBears\Documents\CompSci HW\Graphics HW\Final Project\CSC-630-Final-Project-Fluids\Project3\src\main.cpp(375,53): warning C4305: 'argument': truncation from 'double' to 'GLfloat'
C:\Users\OrangeCatBears\Documents\CompSci HW\Graphics HW\Final Project\CSC-630-Final-Project-Fluids\Project3\src\main.cpp(375,47): warning C4305: 'argument': truncation from 'double' to 'GLfloat'
C:\Users\OrangeCatBears\Documents\CompSci HW\Graphics HW\Final Project\CSC-630-Final-Project-Fluids\Project3\src\main.cpp(376,57): warning C4305: 'argument': truncation from 'double' to 'GLfloat'
C:\Users\OrangeCatBears\Documents\CompSci HW\Graphics HW\Final Project\CSC-630-Final-Project-Fluids\Project3\src\main.cpp(376,52): warning C4305: 'argument': truncation from 'double' to 'GLfloat'
C:\Users\OrangeCatBears\Documents\CompSci HW\Graphics HW\Final Project\CSC-630-Final-Project-Fluids\Project3\src\main.cpp(376,47): warning C4305: 'argument': truncation from 'double' to 'GLfloat'
C:\Users\OrangeCatBears\Documents\CompSci HW\Graphics HW\Final Project\CSC-630-Final-Project-Fluids\Project3\src\main.cpp(377,58): warning C4305: 'argument': truncation from 'double' to 'GLfloat'
C:\Users\OrangeCatBears\Documents\CompSci HW\Graphics HW\Final Project\CSC-630-Final-Project-Fluids\Project3\src\main.cpp(377,53): warning C4305: 'argument': truncation from 'double' to 'GLfloat'
C:\Users\OrangeCatBears\Documents\CompSci HW\Graphics HW\Final Project\CSC-630-Final-Project-Fluids\Project3\src\main.cpp(377,48): warning C4305: 'argument': truncation from 'double' to 'GLfloat'
C:\Users\OrangeCatBears\Documents\CompSci HW\Graphics HW\Final Project\CSC-630-Final-Project-Fluids\Project3\src\main.cpp(381,63): warning C4305: 'argument': truncation from 'double' to 'GLfloat'
C:\Users\OrangeCatBears\Documents\CompSci HW\Graphics HW\Final Project\CSC-630-Final-Project-Fluids\Project3\src\main.cpp(381,55): warning C4305: 'argument': truncation from 'double' to 'GLfloat'
C:\Users\OrangeCatBears\Documents\CompSci HW\Graphics HW\Final Project\CSC-630-Final-Project-Fluids\Project3\src\main.cpp(381,47): warning C4305: 'argument': truncation from 'double' to 'GLfloat'
C:\Users\OrangeCatBears\Documents\CompSci HW\Graphics HW\Final Project\CSC-630-Final-Project-Fluids\Project3\src\main.cpp(382,63): warning C4305: 'argument': truncation from 'double' to 'GLfloat'
C:\Users\OrangeCatBears\Documents\CompSci HW\Graphics HW\Final Project\CSC-630-Final-Project-Fluids\Project3\src\main.cpp(382,55): warning C4305: 'argument': truncation from 'double' to 'GLfloat'
C:\Users\OrangeCatBears\Documents\CompSci HW\Graphics HW\Final Project\CSC-630-Final-Project-Fluids\Project3\src\main.cpp(382,47): warning C4305: 'argument': truncation from 'double' to 'GLfloat'
C:\Users\OrangeCatBears\Documents\CompSci HW\Graphics HW\Final Project\CSC-630-Final-Project-Fluids\Project3\src\main.cpp(383,66): warning C4305: 'argument': truncation from 'double' to 'GLfloat'
C:\Users\OrangeCatBears\Documents\CompSci HW\Graphics HW\Final Project\CSC-630-Final-Project-Fluids\Project3\src\main.cpp(383,56): warning C4305: 'argument': truncation from 'double' to 'GLfloat'
C:\Users\OrangeCatBears\Documents\CompSci HW\Graphics HW\Final Project\CSC-630-Final-Project-Fluids\Project3\src\main.cpp(383,48): warning C4305: 'argument': truncation from 'double' to 'GLfloat'
C:\Users\OrangeCatBears\Documents\CompSci HW\Graphics HW\Final Project\CSC-630-Final-Project-Fluids\Project3\src\main.cpp(384,49): warning C4305: 'argument': truncation from 'double' to 'GLfloat'
C:\Users\OrangeCatBears\Documents\CompSci HW\Graphics HW\Final Project\CSC-630-Final-Project-Fluids\Project3\src\main.cpp(99): warning C4172: returning address of local variable or temporary: device_name
  Project3.vcxproj -> C:\Users\OrangeCatBears\Documents\CompSci HW\Graphics HW\Final Project\CSC-630-Final-Project-Fluids\Project3\x64\Debug\Project3.exe
